[debug] [2024-05-20T13:22:37.175Z] ----------------------------------------------------------------------
[debug] [2024-05-20T13:22:37.177Z] Command:       D:\Node\node.exe C:\Users\ROHIT WATTS\AppData\Roaming\npm\node_modules\firebase-tools\lib\bin\firebase.js init
[debug] [2024-05-20T13:22:37.177Z] CLI Version:   13.9.0
[debug] [2024-05-20T13:22:37.177Z] Platform:      win32
[debug] [2024-05-20T13:22:37.177Z] Node Version:  v18.16.0
[debug] [2024-05-20T13:22:37.178Z] Time:          Mon May 20 2024 18:52:37 GMT+0530 (India Standard Time)
[debug] [2024-05-20T13:22:37.178Z] ----------------------------------------------------------------------
[debug] 
[debug] [2024-05-20T13:22:37.182Z] >>> [apiv2][query] GET https://firebase-public.firebaseio.com/cli.json [none]
[debug] [2024-05-20T13:22:37.227Z] > command requires scopes: ["email","openid","https://www.googleapis.com/auth/cloudplatformprojects.readonly","https://www.googleapis.com/auth/firebase","https://www.googleapis.com/auth/cloud-platform"]
[debug] [2024-05-20T13:22:37.228Z] > authorizing via signed-in user (rhtwatts@gmail.com)
[info] 
     ######## #### ########  ######## ########     ###     ######  ########
     ##        ##  ##     ## ##       ##     ##  ##   ##  ##       ##
     ######    ##  ########  ######   ########  #########  ######  ######
     ##        ##  ##    ##  ##       ##     ## ##     ##       ## ##
     ##       #### ##     ## ######## ########  ##     ##  ######  ########

You're about to initialize a Firebase project in this directory:

  C:\Users\ROHIT WATTS\Desktop\Project\dav

[debug] [2024-05-20T13:22:37.963Z] <<< [apiv2][status] GET https://firebase-public.firebaseio.com/cli.json 200
[debug] [2024-05-20T13:22:37.963Z] <<< [apiv2][body] GET https://firebase-public.firebaseio.com/cli.json {"cloudBuildErrorAfter":1594252800000,"cloudBuildWarnAfter":1590019200000,"defaultNode10After":1594252800000,"minVersion":"3.0.5","node8DeploysDisabledAfter":1613390400000,"node8RuntimeDisabledAfter":1615809600000,"node8WarnAfter":1600128000000}
